<?xml version="1.0" encoding="UTF-8"?>
<testsuite name="com.shiyisoushu.engine.engines.JiumoEngineTest" tests="1" skipped="0" failures="0" errors="0" timestamp="2020-11-25T07:09:43" hostname="zhaotianzengdeMacBook-Pro.local" time="5.666">
  <properties/>
  <testcase name="test" classname="com.shiyisoushu.engine.engines.JiumoEngineTest" time="5.666"/>
  <system-out><![CDATA[SearchResultModel(site=www.lanjuhua.com, url=http://www.lanjuhua.com/getfrom.php?f=BjVaPFdmAGUHMVY1VzoFegYwBmEAM1hmDTJTMgUwADBXZg, title=虹口老爷叔的上海版芳华 [宽带山论坛最新完整版小说] (衙内单立文 著), summary=文件大小: 872.61 KB, coverUrl=null)
SearchResultModel(site=www.gitbook.com, url=https://www.gitbook.com/book/xingyan/-fas, title=小小说, summary=开放文档, coverUrl=null)
SearchResultModel(site=pan.baidu.com, url=https://pan.baidu.com/s/1jIp8Hym, title=时代低谷II 同人小说全版本doc档 三流小说出没注意.rar, summary=分享时间: 2017-07-07, coverUrl=null)
SearchResultModel(site=csngmap.wodemo.net, url=https://csngmap.wodemo.net/entry/288639, title=[分享]梁羽生武侠小说全集38本, summary=txt小说电子书文件目录： 梁羽生01.白发魔女传.txt 梁羽生02.冰川天女传.txt 梁羽生03.冰河洗剑录.txt 梁羽生04.冰魄寒光剑.txt, coverUrl=null)
SearchResultModel(site=tinghaode.info, url=https://tinghaode.info/novel/13949.html, title=[种田文] 我的微小说, summary=这只是我个人的微小说合集，如果能找到你喜欢的，那就再好不过了&hellip;&hellip;&nbsp;&nbsp;&nbsp;&nbsp;各位书友要是觉得《我的微小说》还不错的话请不要忘记向您群和微博里的朋友推荐哦！《我的微小说》作者：夜尔翼享受阅读 享受午后阳光带来的慵懒惬意，一杯下午茶 一本好书。享受生活，享受小说, coverUrl=null)
SearchResultModel(site=pan.baidu.com, url=https://pan.baidu.com/s/1gdkOX2r, title=魔兽世界官方小说23部以及三部关于魔兽世界好看小说.rar, summary=分享时间: 2014-01-29, coverUrl=null)
SearchResultModel(site=csngmap.wodemo.net, url=https://csngmap.wodemo.net/entry/301549, title=最的超短篇小说, summary=5、古代最短的小说是 ... 蚁后还那么胖。 21、有篇叫《塞车》的小说是这样 ... 下来然后结婚让你变成你老妈那样的 ..., coverUrl=null)
SearchResultModel(site=pan.baidu.com, url=https://pan.baidu.com/s/1jGyVY6M, title=魔兽世界官方小说23部以及三部关于魔兽世界好看小说.rar, summary=分享时间: 2014-01-28, coverUrl=null)
SearchResultModel(site=www.gitbook.com, url=https://www.gitbook.com/book/xiulong/pure-blue-, title=[小說] Pure Blue / 少爺本 黑, summary=藍月的外篇，少爺與尤爾相識的過程。 後來想想，與其說是少爺本不如說是尤爾本。 簡稱少爺本黑。, coverUrl=null)
SearchResultModel(site=474b.com, url=https://474b.com/file/15169360-372959173, title=莫泊桑小说全集-河北教育出版社9卷本-莫泊桑小说全集.第9卷.中短篇小说（1886.10-1891.1）.严胜男等译.pdf, summary=文件大小: 19.15 MB, coverUrl=null)
SearchResultModel(site=www.lanjuhua.com, url=http://www.lanjuhua.com/getfrom.php?f=VWBSMFpuVTADNlU6UjpWKQE9Vz1XYQsxW20AYAo6, title=儿童中文有声读物:国际大奖小说系列 52本MP3音频 推荐 童话故事, summary=文件大小: 40.70 MB, coverUrl=null)
SearchResultModel(site=wenku.baidu.com, url=https://wenku.baidu.com/view/8521dd1b6fdb6f1aff00bed5b9f3f90f76c64d4c.html, title=...  A.长篇章回小说 B.拟话本 C.文言短篇小说集D.白话短篇小说 ....doc, summary=A.长篇章回小说 B.拟话本 C.文言短篇小说集D.白话短篇小说集 热门考试 高考 一级建造师 二级建造师 初级经济师 中级经济师 教师资格证 企业法律顾问..., coverUrl=null)
SearchResultModel(site=www.qcenglish.com, url=http://www.qcenglish.com/ebook/242.html, title=The Early Short Fiction Part One [pdf], summary=The Early Short Fiction of Edith Wharton Part 1 is a book written by Edith Wharton. It is widely considered to be one of the top 100 greatest books of all time. This great novel will surely attract a whole new generation of readers. For many, The Early Short Fiction of Edith Wharton Part 1 is required reading for various courses and curriculums. And for others who simply enjoy reading timeless pie, coverUrl=null)
SearchResultModel(site=474b.com, url=https://474b.com/file/15169360-372959036, title=莫泊桑小说全集-河北教育出版社9卷本-莫泊桑小说全集.第7卷.中短篇小说（1884.4-1884.12）.王尚民等译.pdf, summary=文件大小: 16.90 MB, coverUrl=null)
SearchResultModel(site=vdisk.weibo.com, url=http://vdisk.weibo.com/s/Cgfq-RP72JELj, title=网络写手小说作者写作必备资料 小说 …, summary=网络写手小说作者写作必备资料（小说创作技巧，,, coverUrl=null)
SearchResultModel(site=474b.com, url=https://474b.com/file/15169360-372959126, title=莫泊桑小说全集-河北教育出版社9卷本-莫泊桑小说全集.第8卷.中短篇小说（1885.1-1886.10）.王庭荣等译.pdf, summary=文件大小: 15.98 MB, coverUrl=null)
SearchResultModel(site=pan.baidu.com, url=https://pan.baidu.com/s/1skE6zpF, title=英雄的二次元小说-飞卢小说网.txt, summary=分享时间: 2016-09-04, coverUrl=null)
]]></system-out>
  <system-err><![CDATA[]]></system-err>
</testsuite>
